login|3271|2021-04-03 13:42:40.514|G0-97-151|success|
sale|success|3547|WIN|3|3271|G0-97-151|null|74370AF183535A|3|1|50|null|null|2021-04-03 14:15:52.441|CAL|
sale|success|3547|FOR|1|3271|G0-97-151|null|74370AF183A5F1|3-1,4,5|1|30|null|null|2021-04-03 14:16:13.521|CAL|
sale|success|3547|FOR|3|3271|G0-97-151|null|74370AF18534E0|4-5,3|1|40|null|null|2021-04-03 14:17:55.650|CAL|
sale|success|3547|FOR|3|3271|G0-97-151|null|74370AF18534E0|3-4,2|1|40|null|null|2021-04-03 14:17:55.650|CAL|
sale|success|3547|WIN|1|3271|G0-97-151|null|74370AF1855B68|4|1|20|null|null|2021-04-03 14:18:05.508|CAL|
sale|success|3547|FOR|1|3271|G0-97-151|null|74370AF18593A0|4-1,2,3,5|1|200|null|null|2021-04-03 14:18:19.906|CAL|
sale|success|3547|THP|1|3271|G0-97-151|null|74370AF185DB80|1|1|300|null|null|2021-04-03 14:18:38.303|CAL|
sale|success|3547|TAN|1|3271|G0-97-151|null|74370AF1868D1A|3,4-1,2,3,4-1,2,3,4,5,6|1|240|null|null|2021-04-03 14:19:23.768|CAL|
sale|success|3547|QUI|1|3271|G0-97-151|null|74370AF186FADA|4-5|1|40|null|null|2021-04-03 14:19:51.866|CAL|
sale|success|3547|WIN|1|3271|G0-97-151|null|74370AF187718A|1|1|100|null|null|2021-04-03 14:20:22.260|CAL|
sale|success|3547|TAN|1|3271|G0-97-151|null|74370AF187B0AB|1-3,4,5,6-3,4,5,6|1|120|null|null|2021-04-03 14:20:38.410|CAL|
sale|success|3547|FOR|1|3271|G0-97-151|null|74370AF187E432|1-3|1|10|null|null|2021-04-03 14:20:51.602|CAL|
sale|success|3547|QUI|1|3271|G0-97-151|null|74370AF187E432|1-3|1|10|null|null|2021-04-03 14:20:51.602|CAL|
sale|success|3547|FOR|1|3271|G0-97-151|null|74370AF188589B|5-1,3|1|100|null|null|2021-04-03 14:21:21.398|CAL|
sale|success|3547|FOR|1|3271|G0-97-151|null|74370AF188C8F2|1-3,5|1|60|null|null|2021-04-03 14:21:50.158|CAL|
sale|success|3547|FOR|1|3271|G0-97-151|null|74370AF1890233|3-1,2|1|100|null|null|2021-04-03 14:22:04.838|CAL|
sale|success|3547|FOR|1|3271|G0-97-151|null|74370AF1892833|5-1,4|1|100|null|null|2021-04-03 14:22:14.543|CAL|
sale|success|3547|TAN|1|3271|G0-97-151|null|74370AF1896A83|3-2-4|1|50|null|null|2021-04-03 14:22:31.519|CAL|
sale|success|3547|TAN|1|3271|G0-97-151|null|74370AF1898704|3-5-1|1|50|null|null|2021-04-03 14:22:38.814|CAL|
sale|success|3547|TAN|1|3271|G0-97-151|null|74370AF189B76C|<<1,4,5>>|1|60|null|null|2021-04-03 14:22:51.205|CAL|
sale|success|3547|QUI|1|3271|G0-97-151|null|74370AF189DA73|1-5|1|40|null|null|2021-04-03 14:23:00.174|CAL|
sale|success|3547|QUI|1|3271|G0-97-151|null|74370AF18A49A4|1-4|1|50|null|null|2021-04-03 14:23:28.639|CAL|
sale|success|3547|FOR|1|3271|G0-97-151|null|74370AF18B0A4B|1-3|1|50|null|null|2021-04-03 14:24:17.957|CAL|
sale|success|3547|QUI|1|3271|G0-97-151|null|74370AF18B0A4B|1-3|1|50|null|null|2021-04-03 14:24:17.957|CAL|
sale|success|3547|WIN|1|3271|G0-97-151|null|74370AF18B38E4|4|1|100|null|null|2021-04-03 14:24:29.886|CAL|
sale|success|3547|QUI|1|3271|G0-97-151|null|74370AF18B6784|5-1|1|100|null|null|2021-04-03 14:24:41.822|CAL|
sale|success|3547|TAN|1|3271|G0-97-151|null|74370AF18BBA1E|2-5,1-5,4,1|1|40|null|null|2021-04-03 14:25:02.970|CAL|
sale|success|3547|TAN|1|3271|G0-97-151|null|74370AF18C8A4B|2-1,5-1,4,5|1|40|null|null|2021-04-03 14:25:56.257|CAL|
sale|success|3547|TAN|1|3271|G0-97-151|null|74370AF18CBC1D|3-1,5-1,5|1|20|null|null|2021-04-03 14:26:09.014|CAL|
sale|success|3547|FOR|1|3271|G0-97-151|null|74370AF18D2EF7|<<2,3,4,5>>|1|120|null|null|2021-04-03 14:26:38.416|CAL|
sale|success|3547|FOR|1|3271|G0-97-151|null|74370AF18DF61F|5-6|1|50|null|null|2021-04-03 14:27:29.401|CAL|
sale|success|3547|FOR|1|3271|G0-97-151|null|74370AF18DF61F|5-6|1|50|null|null|2021-04-03 14:27:29.401|CAL|
sale|success|3547|WIN|1|3271|G0-97-151|null|74370AF18E1C3F|1|1|10|null|null|2021-04-03 14:27:39.161|CAL|
sale|success|3547|PLC|1|3271|G0-97-151|null|74370AF18E1C3F|2|1|10|null|null|2021-04-03 14:27:39.161|CAL|
sale|success|3547|FOR|1|3271|G0-97-151|null|74370AF18ECEA7|1-5|1|50|null|null|2021-04-03 14:28:24.833|CAL|
sale|success|3547|QUI|1|3271|G0-97-151|null|74370AF18ECEA7|1-5|1|50|null|null|2021-04-03 14:28:24.833|CAL|
sale|success|3547|TAN|1|3271|G0-97-151|null|74370AF18F407F|1,5-1,5-1,2,3,4,5,6|1|80|null|null|2021-04-03 14:28:53.975|CAL|
sale|success|3547|WIN|1|3271|G0-97-151|null|74370AF18F846F|4|1|300|null|null|2021-04-03 14:29:11.370|CAL|
sale|success|3547|WIN|1|3271|G0-97-151|null|74370AF18FDBD0|4|1|500|null|null|2021-04-03 14:29:33.735|CAL|
sale|success|3547|WIN|1|3271|G0-97-151|null|74370AF1903085|4|1|500|null|null|2021-04-03 14:29:55.429|CAL|
sale|success|3547|WIN|1|3271|G0-97-151|null|74370AF1903086|4|1|500|null|null|2021-04-03 14:29:55.468|CAL|
sale|success|3547|FOR|1|3271|G0-97-151|null|74370AF190DBF9|4-1,2,3,4,5,6|1|400|null|null|2021-04-03 14:30:39.312|CAL|
sale|success|3547|QUI|1|3271|G0-97-151|null|74370AF19100A8|4-1,2,3,4,5,6|1|400|null|null|2021-04-03 14:30:48.705|CAL|
sale|success|3547|QUI|1|3271|G0-97-151|null|74370AF1913990|3-4|1|200|null|null|2021-04-03 14:31:03.274|CAL|
sale|success|3547|WIN|1|3271|G0-97-151|null|74370AF1917711|4|1|150|null|null|2021-04-03 14:31:19.018|CAL|
sale|success|3547|TAN|1|3271|G0-97-151|null|74370AF1921249|4,3-4,3-1,5|1|80|null|null|2021-04-03 14:31:58.756|CAL|
sale|success|3547|TAN|1|3271|G0-97-151|null|74370AF1927C22|3,5-4-3,5,1|1|40|null|null|2021-04-03 14:32:25.852|CAL|
sale|success|3547|FOR|1|3271|G0-97-151|null|74370AF1927C22|3-4|1|10|null|null|2021-04-03 14:32:25.852|CAL|
sale|success|3547|QUI|1|3271|G0-97-151|null|74370AF1927C22|3-4|1|10|null|null|2021-04-03 14:32:25.852|CAL|
sale|success|3547|WIN|1|3271|G0-97-151|null|74370AF192BFCA|3|1|100|null|null|2021-04-03 14:32:43.171|CAL|
sale|success|3547|FOR|1|3271|G0-97-151|null|74370AF192E9E1|3-6|1|20|null|null|2021-04-03 14:32:53.946|CAL|
sale|success|3547|FOR|1|3271|G0-97-151|null|74370AF1933122|2-1,3|1|500|null|null|2021-04-03 14:33:12.191|CAL|
sale|success|3547|FOR|1|3271|G0-97-151|null|74370AF1935A5A|3-4,5|1|20|null|null|2021-04-03 14:33:22.739|CAL|
sale|success|3547|WIN|1|3271|G0-97-151|null|74370AF193A472|1,2,3,4,5,6|1|60|null|null|2021-04-03 14:33:41.706|CAL|
sale|success|3547|PLC|1|3271|G0-97-151|null|74370AF193A472|1,2,3,4,5,6|1|60|null|null|2021-04-03 14:33:41.706|CAL|
sale|success|3547|SHP|1|3271|G0-97-151|null|74370AF193A472|1,2,3,4,5,6|1|60|null|null|2021-04-03 14:33:41.706|CAL|
sale|success|3547|THP|1|3271|G0-97-151|null|74370AF193A472|1,2,3,4,5,6|1|60|null|null|2021-04-03 14:33:41.706|CAL|
sale|success|3547|QUI|1|3271|G0-97-151|null|74370AF19425CC|<<1,2,3,4,5,6>>|1|150|null|null|2021-04-03 14:34:14.820|CAL|
sale|success|3547|JPP1|3|3271|G0-97-151|null|74370AF196D895|2/2,5/1,3,8/2,3/4|1|120|null|null|2021-04-03 14:37:11.662|CAL|
sale|success|3547|WIN|2|3271|G0-97-151|null|74370AF1975845|1,2,3,4,5,6|1|60|null|null|2021-04-03 14:37:44.354|CAL|
sale|success|3547|PLC|2|3271|G0-97-151|null|74370AF1975845|1,2,3,4,5,6|1|60|null|null|2021-04-03 14:37:44.354|CAL|
sale|success|3547|SHP|2|3271|G0-97-151|null|74370AF1975845|1,2,3,4,5,6|1|60|null|null|2021-04-03 14:37:44.354|CAL|
sale|success|3547|THP|2|3271|G0-97-151|null|74370AF1975845|1,2,3,4,5,6|1|60|null|null|2021-04-03 14:37:44.354|CAL|
sale|success|3547|QUI|2|3271|G0-97-151|null|74370AF197773E|<<1,2,3,4,5,6>>|1|150|null|null|2021-04-03 14:37:52.278|CAL|
sale|success|3547|JPP1|3|3271|G0-97-151|null|74370AF1980B7E|2/2,5/1,3,8/2,3/3|1|120|null|null|2021-04-03 14:38:30.229|CAL|
sale|success|3547|FOR|2|3271|G0-97-151|null|74370AF1984B46|2-3|1|10|null|null|2021-04-03 14:38:46.556|CAL|
sale|success|3547|QUI|2|3271|G0-97-151|null|74370AF1984B46|2-3|1|10|null|null|2021-04-03 14:38:46.556|CAL|
sale|success|3547|TAN|2|3271|G0-97-151|null|74370AF1986946|2,3-2,3-5,6|1|40|null|null|2021-04-03 14:38:54.242|CAL|
sale|success|3547|TRB1|2|3271|G0-97-151|null|74370AF199218E|2,3,6/1,2/5,7|1|120|null|null|2021-04-03 14:39:41.415|CAL|
sale|success|3547|TRB1|2|3271|G0-97-151|null|74370AF1999273|2,3,6/1,2/5,7|1|120|null|null|2021-04-03 14:40:10.318|CAL|
sale|success|3547|TRB1|2|3271|G0-97-151|null|74370AF1999274|2,3,6/1,2/5,7|1|120|null|null|2021-04-03 14:40:10.341|CAL|
sale|success|3547|WIN|2|3271|G0-97-151|null|74370AF199B0F6|6|1|10|null|null|2021-04-03 14:40:18.125|CAL|
sale|success|3547|JPP1|3|3271|G0-97-151|null|74370AF19BB21C|2,5/2,5/1,2,3/1,2,3/2|1|360|null|null|2021-04-03 14:42:29.494|CAL|
sale|success|3547|JPP1|3|3271|G0-97-151|null|74370AF19BF880|2,5/2,5/1,2,3/1,2,3/1|1|360|null|null|2021-04-03 14:42:47.512|CAL|
sale|success|3547|JPP1|3|3271|G0-97-151|null|74370AF19DD2AB|2,6/1,5/3,7/6,8/2,3|1|320|null|null|2021-04-03 14:44:48.906|CAL|
sale|success|3547|WIN|2|3271|G0-97-151|null|74370AF19E0C70|2,6|1|200|null|null|2021-04-03 14:45:03.688|CAL|
sale|success|3547|WIN|2|3271|G0-97-151|null|74370AF19E6227|2,6|1|200|null|null|2021-04-03 14:45:25.637|CAL|
sale|success|3547|WIN|2|3271|G0-97-151|null|74370AF19E6228|2,6|1|200|null|null|2021-04-03 14:45:25.665|CAL|
sale|success|3547|WIN|2|3271|G0-97-151|null|74370AF19E6229|2,6|1|200|null|null|2021-04-03 14:45:25.699|CAL|
sale|success|3547|WIN|2|3271|G0-97-151|null|74370AF19E622A|2,6|1|200|null|null|2021-04-03 14:45:25.731|CAL|
sale|success|3547|WIN|2|3271|G0-97-151|null|74370AF19E622B|2,6|1|200|null|null|2021-04-03 14:45:25.761|CAL|
sale|success|3547|WIN|2|3271|G0-97-151|null|74370AF19E622C|2,6|1|200|null|null|2021-04-03 14:45:25.790|CAL|
sale|success|3547|WIN|2|3271|G0-97-151|null|74370AF19E622D|2,6|1|200|null|null|2021-04-03 14:45:25.822|CAL|
sale|success|3547|WIN|2|3271|G0-97-151|null|74370AF19E622E|2,6|1|200|null|null|2021-04-03 14:45:25.845|CAL|
sale|success|3547|WIN|2|3271|G0-97-151|null|74370AF19E622F|2,6|1|200|null|null|2021-04-03 14:45:25.866|CAL|
sale|success|3547|QUI|2|3271|G0-97-151|null|74370AF19F5CFA|2-6|1|100|null|null|2021-04-03 14:46:29.846|CAL|
sale|success|3547|FOR|2|3271|G0-97-151|null|74370AF19F5CFA|2-6|1|100|null|null|2021-04-03 14:46:29.846|CAL|
sale|success|3547|JPP1|3|3271|G0-97-151|null|74370AF19FD21B|1,5/2,6/1,6,8/2,7/3,4|1|480|null|null|2021-04-03 14:46:59.827|CAL|
sale|success|3547|JPP1|3|3271|G0-97-151|null|74370AF1A05BAB|1,2,3,5/1,2,5/1/2/1,3,4,5|1|480|null|null|2021-04-03 14:47:35.044|CAL|
sale|success|3547|FOR|2|3271|G0-97-151|null|74370AF1A09E93|2-6|1|100|null|null|2021-04-03 14:47:52.170|CAL|
sale|success|3547|JPP1|3|3271|G0-97-151|null|74370AF1A1040C|1,5/5/1,2,4/2,7,8/4|1|180|null|null|2021-04-03 14:48:18.148|CAL|
sale|success|3547|WIN|2|3271|G0-97-151|null|74370AF1A164CC|2|1|220|null|null|2021-04-03 14:48:42.915|CAL|
sale|success|3547|TRB1|2|3271|G0-97-151|null|74370AF1A1DA0D|2,3,6/2,5/1,2,3,5|1|240|null|null|2021-04-03 14:49:12.936|CAL|
sale|success|3547|WIN|2|3271|G0-97-151|null|74370AF1A2052C|2|1|10|null|null|2021-04-03 14:49:23.969|CAL|
sale|success|3547|FOR|2|3271|G0-97-151|null|74370AF1A26C95|3-2|1|50|null|null|2021-04-03 14:49:50.444|CAL|
sale|success|3547|THP|2|3271|G0-97-151|null|74370AF1A2A0D6|4|1|50|null|null|2021-04-03 14:50:03.821|CAL|
sale|success|3547|SHP|2|3271|G0-97-151|null|74370AF1A2DDB5|3,4,5|1|30|null|null|2021-04-03 14:50:19.404|CAL|
sale|success|3547|THP|2|3271|G0-97-151|null|74370AF1A2DDB5|3,4,5|1|30|null|null|2021-04-03 14:50:19.404|CAL|
sale|success|3547|FOR|2|3271|G0-97-151|null|74370AF1A33B9B|5,6-1,4|1|120|null|null|2021-04-03 14:50:43.441|CAL|
sale|success|3547|SHP|2|3271|G0-97-151|null|74370AF1A38175|4|1|50|null|null|2021-04-03 14:51:01.325|CAL|
sale|success|3547|THP|2|3271|G0-97-151|null|74370AF1A38175|4|1|50|null|null|2021-04-03 14:51:01.325|CAL|
sale|success|3547|WIN|2|3271|G0-97-151|null|74370AF1A46E76|6|1|50|null|null|2021-04-03 14:52:01.997|CAL|
sale|success|3547|SHP|2|3271|G0-97-151|null|74370AF1A46E76|6|1|50|null|null|2021-04-03 14:52:01.997|CAL|
sale|success|3547|WIN|2|3271|G0-97-151|null|74370AF1A49636|3|1|100|null|null|2021-04-03 14:52:12.175|CAL|
sale|success|3547|WIN|2|3271|G0-97-151|null|74370AF1A4BA20|5|1|50|null|null|2021-04-03 14:52:21.368|CAL|
sale|success|3547|PLC|2|3271|G0-97-151|null|74370AF1A4BA20|5|1|50|null|null|2021-04-03 14:52:21.368|CAL|
sale|success|3547|JPP1|3|3271|G0-97-151|null|74370AF1A50F8F|2/2,5,6,7/1,2,6/2,6/1,4|1|480|null|null|2021-04-03 14:52:43.238|CAL|
sale|success|3547|WIN|2|3271|G0-97-151|null|74370AF1A56328|5|1|200|null|null|2021-04-03 14:53:04.640|CAL|
sale|success|3547|JPP1|3|3271|G0-97-151|null|74370AF1A5F419|2/2,3,5/1,2,8/1,2/2|1|180|null|null|2021-04-03 14:53:41.744|CAL|
sale|success|3547|TAN|2|3271|G0-97-151|null|74370AF1A624A0|2,3,5-2,3,5-1,2,3,4,5,6|1|240|null|null|2021-04-03 14:53:54.170|CAL|
sale|success|3547|TAN|2|3271|G0-97-151|null|74370AF1A66218|1,2,3,4,5,6-2-3,5|1|80|null|null|2021-04-03 14:54:09.903|CAL|
sale|success|3547|TAN|2|3271|G0-97-151|null|74370AF1A71C49|2-1,3,5-1,2,3,4,5,6|1|120|null|null|2021-04-03 14:54:57.567|CAL|
sale|success|3547|PLC|2|3271|G0-97-151|null|74370AF1A73639|1|1|80|null|null|2021-04-03 14:55:04.206|CAL|
sale|success|3547|JPP1|3|3271|G0-97-151|null|74370AF1A79491|3/7/3,6/3/4|1|20|null|null|2021-04-03 14:55:28.359|CAL|
sale|success|3547|JPP1|3|3271|G0-97-151|null|74370AF1A7BE19|3/5/2,8/7/4|1|20|null|null|2021-04-03 14:55:38.990|CAL|
sale|success|3547|JPP1|3|3271|G0-97-151|null|74370AF1A8CEA2|2/5/1,6,8/1,2,7/1|1|90|null|null|2021-04-03 14:56:48.761|CAL|
sale|success|3547|JPP1|3|3271|G0-97-151|null|74370AF1A923D3|2/5/1,6,8/1,2,7/1|1|90|null|null|2021-04-03 14:57:10.572|CAL|
sale|success|3547|TAN|2|3271|G0-97-151|null|74370AF1AA512B|6-2,3-2,3|1|80|null|null|2021-04-03 14:58:27.712|CAL|
sale|success|3547|FOR|2|3271|G0-97-151|null|74370AF1AA512B|6-2,3|1|80|null|null|2021-04-03 14:58:27.712|CAL|
sale|success|3547|WIN|2|3271|G0-97-151|null|74370AF1AA80AD|6|1|40|null|null|2021-04-03 14:58:39.874|CAL|
sale|success|3547|TRB1|2|3271|G0-97-151|null|74370AF1AB2F64|2,3/1,2/2,3,5|1|120|null|null|2021-04-03 14:59:24.602|CAL|
sale|success|3547|WIN|2|3271|G0-97-151|null|74370AF1AB43FC|3|1|100|null|null|2021-04-03 14:59:29.874|CAL|
sale|success|3547|FOR|2|3271|G0-97-151|null|74370AF1ABC085|3-2,6|1|40|null|null|2021-04-03 15:00:01.757|CAL|
sale|success|3547|QUI|2|3271|G0-97-151|null|74370AF1ABC085|3-2,6|1|40|null|null|2021-04-03 15:00:01.757|CAL|
sale|success|3547|TAN|2|3271|G0-97-151|null|74370AF1ABC085|<<2,3,6>>|1|60|null|null|2021-04-03 15:00:01.757|CAL|
sale|success|3547|JPP1|3|3271|G0-97-151|null|74370AF1B36942|1,2,4,6/2,4/3,4,5,7,8/2/3|1|400|null|null|2021-04-03 15:08:23.705|CAL|
sale|success|3547|JPP1|3|3271|G0-97-151|null|74370AF1B41CD9|2/4/1,2,3,4/2,4/3,4|1|160|null|null|2021-04-03 15:09:09.680|CAL|
sale|success|3547|FOR|3|3271|G0-97-151|null|74370AF1B49151|<<5,6>>|1|100|null|null|2021-04-03 15:09:39.495|CAL|
sale|success|3547|FOR|3|3271|G0-97-151|null|74370AF1B4DDA4|5-2,1|1|200|null|null|2021-04-03 15:09:59.034|CAL|
sale|success|3547|JPP1|3|3271|G0-97-151|null|74370AF1B59F9A|1,2,5/5/1,2,8/1,2,3/1,4|1|540|null|null|2021-04-03 15:10:48.688|CAL|
sale|success|3547|WIN|3|3271|G0-97-151|null|74370AF1B5EA0A|2|1|200|null|null|2021-04-03 15:11:07.745|CAL|
sale|success|3547|JPP1|3|3271|G0-97-151|null|74370AF1B68B53|2,7/7/6,2/2/4|1|40|null|null|2021-04-03 15:11:49.034|CAL|
sale|success|3547|FOR|3|3271|G0-97-151|null|74370AF1B6E076|2-7,4|1|40|null|null|2021-04-03 15:12:10.838|CAL|
sale|success|3547|FOR|3|3271|G0-97-151|null|74370AF1B7000B|5-7|1|20|null|null|2021-04-03 15:12:18.911|CAL|
sale|success|3547|WIN|3|3271|G0-97-151|null|74370AF1B72104|2|1|50|null|null|2021-04-03 15:12:27.350|CAL|
sale|success|3547|JPP1|3|3271|G0-97-151|null|74370AF1B77E5C|1,5/2,3,5/1,3,6,8/3/2,4|1|480|null|null|2021-04-03 15:12:51.250|CAL|
sale|success|3547|JPP1|3|3271|G0-97-151|null|74370AF1B829BD|1/2/1/2/2|1|10|null|null|2021-04-03 15:13:35.124|CAL|
sale|success|3547|JPP1|3|3271|G0-97-151|null|74370AF1B87F3C|1,2/1,3,4,5,7/1,2,8/2/4|1|300|null|null|2021-04-03 15:13:57.010|CAL|
sale|success|3547|TAN|3|3271|G0-97-151|null|74370AF1B92F66|1,2-1,2-3,5|1|120|null|null|2021-04-03 15:14:42.108|CAL|
sale|success|3547|QUI|3|3271|G0-97-151|null|74370AF1B9567D|1-2|1|80|null|null|2021-04-03 15:14:52.116|CAL|
sale|success|3547|JPP1|3|3271|G0-97-151|null|74370AF1BA7E66|1,3,5/2/1,2,3,8/1,2,3,7/3|1|480|null|null|2021-04-03 15:16:07.876|CAL|
sale|success|3547|TAN|3|3271|G0-97-151|null|74370AF1BAD1C6|5-1,3-1,3|1|200|null|null|2021-04-03 15:16:29.215|CAL|
sale|success|3547|PLC|3|3271|G0-97-151|null|74370AF1BAF1D7|5|1|100|null|null|2021-04-03 15:16:37.421|CAL|
sale|success|3547|JPP1|3|3271|G0-97-151|null|74370AF1BB54F6|1,3,6/1,5,6/2,3,6/1,2/1|1|540|null|null|2021-04-03 15:17:02.798|CAL|
sale|success|3547|TAN|3|3271|G0-97-151|null|74370AF1BB7A1F|<<1,3,6,7>>|1|240|null|null|2021-04-03 15:17:12.311|CAL|
sale|success|3547|FOR|3|3271|G0-97-151|null|74370AF1BB95A7|<<1,3,6,7>>|1|120|null|null|2021-04-03 15:17:19.355|CAL|
sale|success|3547|WIN|3|3271|G0-97-151|null|74370AF1BC7207|3|1|140|null|null|2021-04-03 15:18:15.778|CAL|
sale|success|3547|FOR|3|3271|G0-97-151|null|74370AF1BCA347|<<1,2,5>>|1|60|null|null|2021-04-03 15:18:28.384|CAL|
sale|success|3547|SHP|3|3271|G0-97-151|null|74370AF1BCF6AF|1|1|150|null|null|2021-04-03 15:18:49.732|CAL|
sale|success|3547|THP|3|3271|G0-97-151|null|74370AF1BCF6AF|1|1|150|null|null|2021-04-03 15:18:49.732|CAL|
sale|success|3547|TAN|3|3271|G0-97-151|null|74370AF1BD2CF8|<<2,4,5>>|1|60|null|null|2021-04-03 15:19:03.628|CAL|
sale|success|3547|QUI|3|3271|G0-97-151|null|74370AF1BD6678|3-2|1|40|null|null|2021-04-03 15:19:18.349|CAL|
sale|success|3547|JPP1|3|3271|G0-97-151|null|74370AF1BE0C6A|1,2,3,5/2,3,5/1,8/2/1,4|1|480|null|null|2021-04-03 15:20:00.834|CAL|
sale|success|3547|JPP1|3|3271|G0-97-151|null|74370AF1BE9D3A|2,3,6/5/1,4,6/7,4/4|1|180|null|null|2021-04-03 15:20:37.905|CAL|
sale|success|3547|TAN|3|3271|G0-97-151|null|74370AF1BF11C2|<<2,3,6>>|1|60|null|null|2021-04-03 15:21:07.736|CAL|
sale|success|3547|JPP1|3|3271|G0-97-151|null|74370AF1BF9110|1,2,5/2,3,5/8/1,2,3,7/4|1|360|null|null|2021-04-03 15:21:40.326|CAL|
sale|success|3547|WIN|3|3271|G0-97-151|null|74370AF1BFE2E1|1,2,3,5|1|80|null|null|2021-04-03 15:22:01.270|CAL|
sale|success|3547|JPP1|3|3271|G0-97-151|null|74370AF1C0A2EF|2/5/1,2,8/2/4|1|120|null|null|2021-04-03 15:22:50.437|CAL|
sale|success|3547|TAN|3|3271|G0-97-151|null|74370AF1C10E7A|2-1,3-1,3|1|40|null|null|2021-04-03 15:23:17.972|CAL|
sale|success|3547|WIN|3|3271|G0-97-151|null|74370AF1C12943|2|1|40|null|null|2021-04-03 15:23:24.824|CAL|
sale|success|3547|JPP1|3|3271|G0-97-151|null|74370AF1C18C3C|1,2,3/1,3/8/2,7/3,4,5|1|360|null|null|2021-04-03 15:23:50.163|CAL|
sale|success|3547|WIN|3|3271|G0-97-151|null|74370AF1C1CBCA|1|1|30|null|null|2021-04-03 15:24:06.432|CAL|
sale|success|3547|FOR|3|3271|G0-97-151|null|74370AF1C227F1|1-5|1|20|null|null|2021-04-03 15:24:30.023|CAL|
sale|success|3547|TAN|3|3271|G0-97-151|null|74370AF1C227F1|1,5-1,5-2,6|1|40|null|null|2021-04-03 15:24:30.023|CAL|
sale|success|3547|FOR|3|3271|G0-97-151|null|74370AF1C28ADC|2-1,3,5|1|300|null|null|2021-04-03 15:24:55.346|CAL|
sale|success|3547|SHP|3|3271|G0-97-151|null|74370AF1C2D71C|5|1|100|null|null|2021-04-03 15:25:14.866|CAL|
sale|success|3547|THP|3|3271|G0-97-151|null|74370AF1C2D71C|5|1|100|null|null|2021-04-03 15:25:14.866|CAL|
sale|success|3547|JPP1|3|3271|G0-97-151|null|74370AF1C3229D|1,2,3,5/2,3/1,8/3,7/5|1|320|null|null|2021-04-03 15:25:34.193|CAL|
sale|success|3547|SHP|3|3271|G0-97-151|null|74370AF1C408AE|7|1|50|null|null|2021-04-03 15:26:33.089|CAL|
sale|success|3547|THP|3|3271|G0-97-151|null|74370AF1C408AE|7|1|50|null|null|2021-04-03 15:26:33.089|CAL|
sale|success|3547|FOR|3|3271|G0-97-151|null|74370AF1C434C5|2-7,3|1|100|null|null|2021-04-03 15:26:44.378|CAL|
sale|success|3547|FOR|3|3271|G0-97-151|null|74370AF1C49D7D|3,6-1,2,5|1|120|null|null|2021-04-03 15:27:11.187|CAL|
sale|success|3547|FOR|3|3271|G0-97-151|null|74370AF1C49D7D|2-5|1|50|null|null|2021-04-03 15:27:11.187|CAL|
sale|success|3547|FOR|3|3271|G0-97-151|null|74370AF1C49D7D|6-3|1|30|null|null|2021-04-03 15:27:11.187|CAL|
sale|success|3547|FOR|3|3271|G0-97-151|null|74370AF1C50E26|6-3|1|50|null|null|2021-04-03 15:27:40.029|CAL|
sale|success|3547|FOR|3|3271|G0-97-151|null|74370AF1C50E26|2-5|1|50|null|null|2021-04-03 15:27:40.029|CAL|
sale|success|3547|JPP1|3|3271|G0-97-151|null|74370AF1C569C7|2/5,4,3/1,2,8/7,1,2,6/1|1|360|null|null|2021-04-03 15:28:03.485|CAL|
sale|success|3547|QUI|3|3271|G0-97-151|null|74370AF1C5BFC7|5-1,2|1|100|null|null|2021-04-03 15:28:25.500|CAL|
sale|success|3547|FOR|3|3271|G0-97-151|null|74370AF1C60610|1-5,2|1|60|null|null|2021-04-03 15:28:43.495|CAL|
sale|success|3547|FOR|3|3271|G0-97-151|null|74370AF1C60610|5-1,2|1|60|null|null|2021-04-03 15:28:43.495|CAL|
sale|success|3547|JPP1|3|3271|G0-97-151|null|74370AF1C6443F|2/3,5/3,8/2,7/4,5|1|160|null|null|2021-04-03 15:28:59.414|CAL|
sale|success|3547|JPP1|3|3271|G0-97-151|null|74370AF1C69B08|1,5/5,7/2,6/1,3,7/2|1|240|null|null|2021-04-03 15:29:21.630|CAL|
sale|success|3547|WIN|3|3271|G0-97-151|null|74370AF1C72A24|2|1|180|null|null|2021-04-03 15:29:58.267|CAL|
sale|success|3547|SHP|3|3271|G0-97-151|null|74370AF1C7447E|1|1|400|null|null|2021-04-03 15:30:05.011|CAL|
sale|success|3547|FOR|3|3271|G0-97-151|null|74370AF1C763A0|5-1|1|100|null|null|2021-04-03 15:30:12.982|CAL|
sale|success|3547|TAN|3|3271|G0-97-151|null|74370AF1C7A5F1|1,5-1,5-2,3,7|1|60|null|null|2021-04-03 15:30:29.959|CAL|
sale|success|3547|WIN|3|3271|G0-97-151|null|74370AF1C7BA90|5|1|40|null|null|2021-04-03 15:30:35.239|CAL|
sale|success|3547|FOR|3|3271|G0-97-151|null|74370AF1C7F218|5-3,6|1|100|null|null|2021-04-03 15:30:49.453|CAL|
sale|success|3547|FOR|3|3271|G0-97-151|null|74370AF1C819E0|5-3,6|1|100|null|null|2021-04-03 15:30:59.637|CAL|
sale|success|3547|WIN|3|3271|G0-97-151|null|74370AF1C84510|5|1|200|null|null|2021-04-03 15:31:10.692|CAL|
sale|success|3547|JPP1|3|3271|G0-97-151|null|74370AF1C9980C|1,2,3,5/5/2,8/1,2/4,6|1|320|null|null|2021-04-03 15:32:37.474|CAL|
sale|success|3547|MJP1|4|3271|G0-97-151|null|74370AF1D1561C|5/1,6,8/1,7,2/1,4|1|180|null|null|2021-04-03 15:41:04.883|CAL|
sale|success|3547|WIN|4|3271|G0-97-151|null|74370AF1D1781E|5|1|120|null|null|2021-04-03 15:41:13.588|CAL|
sale|success|3547|MJP1|4|3271|G0-97-151|null|74370AF1D1E176|4,6/8/7/6|1|20|null|null|2021-04-03 15:41:40.557|CAL|
sale|success|3547|MJP1|4|3271|G0-97-151|null|74370AF1D23F80|2,5/1,2,6,8/1,2,3/4|1|240|null|null|2021-04-03 15:42:04.627|CAL|
sale|success|3547|TAN|4|3271|G0-97-151|null|74370AF1D279F0|2,5-1,2,3,4,5,6,7-1,7,2|1|250|null|null|2021-04-03 15:42:19.590|CAL|
sale|success|3547|TAN|4|3271|G0-97-151|null|74370AF1D2B901|5-2,7-1,2,3,4,5,6,7|1|100|null|null|2021-04-03 15:42:35.735|CAL|
sale|success|3547|MJP1|4|3271|G0-97-151|null|74370AF1D32768|3,5/1,6,8/2,3/2,3|1|240|null|null|2021-04-03 15:43:03.998|CAL|
sale|success|3547|WIN|4|3271|G0-97-151|null|74370AF1D37BF6|2|1|100|null|null|2021-04-03 15:43:25.642|CAL|
sale|success|3547|TRB2|5|3271|G0-97-151|null|74370AF1D3C179|1/7/4|1|200|null|null|2021-04-03 15:43:43.437|CAL|
sale|success|3547|FOR|4|3271|G0-97-151|null|74370AF1D40B78|<<4,2,3,5>>|1|120|null|null|2021-04-03 15:44:02.380|CAL|
sale|success|3547|WIN|4|3271|G0-97-151|null|74370AF1D46CB0|2|1|10|null|null|2021-04-03 15:44:27.268|CAL|
sale|success|3547|MJP1|4|3271|G0-97-151|null|74370AF1D4A8C9|2,3,5/8/1,2,3,7/3,4|1|240|null|null|2021-04-03 15:44:42.652|CAL|
sale|success|3547|TRB2|5|3271|G0-97-151|null|74370AF1D4F1BA|8/1,2,3,7/3,4|1|80|null|null|2021-04-03 15:45:01.327|CAL|
sale|success|3547|MJP1|4|3271|G0-97-151|null|74370AF1D5742A|2,3,5/1,8/2,7/1,4|1|240|null|null|2021-04-03 15:45:34.720|CAL|
sale|success|3547|FOR|4|3271|G0-97-151|null|74370AF1D62023|3-2|1|50|null|null|2021-04-03 15:46:18.745|CAL|
sale|success|3547|FOR|4|3271|G0-97-151|null|74370AF1D62023|3-5|1|50|null|null|2021-04-03 15:46:18.745|CAL|
sale|success|3547|FOR|4|3271|G0-97-151|null|74370AF1D65EAE|5-1|1|30|null|null|2021-04-03 15:46:34.755|CAL|
sale|success|3547|QUI|4|3271|G0-97-151|null|74370AF1D65EAE|5-1|1|30|null|null|2021-04-03 15:46:34.755|CAL|
sale|success|3547|MJP1|4|3271|G0-97-151|null|74370AF1D6FB82|3,5/1/2/1|1|20|null|null|2021-04-03 15:47:14.902|CAL|
sale|success|3547|WIN|4|3271|G0-97-151|null|74370AF1D733B2|7,4|1|40|null|null|2021-04-03 15:47:29.286|CAL|
sale|success|3547|QUI|4|3271|G0-97-151|null|74370AF1D7E34D|2-3|1|20|null|null|2021-04-03 15:48:14.241|CAL|
sale|success|3547|QUI|4|3271|G0-97-151|null|74370AF1D7E34D|5-1|1|20|null|null|2021-04-03 15:48:14.241|CAL|
sale|success|3547|WIN|4|3271|G0-97-151|null|74370AF1D810DC|6|1|10|null|null|2021-04-03 15:48:25.905|CAL|
sale|success|3547|PLC|4|3271|G0-97-151|null|74370AF1D863FB|5|1|200|null|null|2021-04-03 15:48:47.187|CAL|
sale|success|3547|WIN|4|3271|G0-97-151|null|74370AF1D863FB|5|1|100|null|null|2021-04-03 15:48:47.187|CAL|
sale|success|3547|FOR|4|3271|G0-97-151|null|74370AF1D9BB46|5-3,7|1|100|null|null|2021-04-03 15:50:15.068|CAL|
sale|success|3547|QUI|4|3271|G0-97-151|null|74370AF1D9BB46|5-3,7|1|100|null|null|2021-04-03 15:50:15.068|CAL|
sale|success|3547|MJP1|4|3271|G0-97-151|null|74370AF1DA574D|3/8/7/2,3,5,6|1|40|null|null|2021-04-03 15:50:55.010|CAL|
sale|success|3547|WIN|4|3271|G0-97-151|null|74370AF1DAA231|3|1|110|null|null|2021-04-03 15:51:14.182|CAL|
sale|success|3547|MJP1|4|3271|G0-97-151|null|74370AF1DAF2FE|1/5,7/3/3,4|1|40|null|null|2021-04-03 15:51:34.868|CAL|
sale|success|3547|FOR|4|3271|G0-97-151|null|74370AF1DB247E|1-3,6|1|20|null|null|2021-04-03 15:51:47.540|CAL|
sale|success|3547|QUI|4|3271|G0-97-151|null|74370AF1DB247E|1-3,6|1|20|null|null|2021-04-03 15:51:47.540|CAL|
sale|success|3547|TAN|4|3271|G0-97-151|null|74370AF1DB7836|5-1-2|1|50|null|null|2021-04-03 15:52:08.970|CAL|
sale|success|3547|TAN|4|3271|G0-97-151|null|74370AF1DB8B7E|5-1-7|1|50|null|null|2021-04-03 15:52:13.907|CAL|
sale|success|3547|FOR|4|3271|G0-97-151|null|74370AF1DBCEA1|7-1,2,3,4,5,6,7|1|60|null|null|2021-04-03 15:52:31.092|CAL|
sale|success|3547|MJP1|4|3271|G0-97-151|null|74370AF1DC5001|2,3/1,2/2,7/2,3|1|160|null|null|2021-04-03 15:53:04.214|CAL|
sale|success|3547|FOR|4|3271|G0-97-151|null|74370AF1DC7416|<<2,3>>|1|40|null|null|2021-04-03 15:53:13.449|CAL|
sale|success|3547|WIN|4|3271|G0-97-151|null|74370AF1DCA1B0|5|1|500|null|null|2021-04-03 15:53:25.125|CAL|
sale|success|3547|QUI|4|3271|G0-97-151|null|74370AF1DD066F|3-2,4,5|1|30|null|null|2021-04-03 15:53:50.917|CAL|
sale|success|3547|WIN|4|3271|G0-97-151|null|74370AF1DD1C2F|3|1|20|null|null|2021-04-03 15:53:56.481|CAL|
sale|success|3547|QUI|4|3271|G0-97-151|null|74370AF1DD5EC2|5-1,2,3|1|150|null|null|2021-04-03 15:54:13.526|CAL|
sale|success|3547|MJP1|4|3271|G0-97-151|null|74370AF1DDBBE4|3,5/8/4,7,8/6|1|60|null|null|2021-04-03 15:54:37.370|CAL|
sale|success|3547|MJP1|4|3271|G0-97-151|null|74370AF1DDE331|5/1/2/6|1|10|null|null|2021-04-03 15:54:47.428|CAL|
sale|success|3547|FOR|4|3271|G0-97-151|null|74370AF1DE27BF|5-7|1|30|null|null|2021-04-03 15:55:04.984|CAL|
sale|success|3547|FOR|4|3271|G0-97-151|null|74370AF1DEB2E8|<<3,5,6>>|1|60|null|null|2021-04-03 15:55:40.605|CAL|
sale|success|3547|FOR|4|3271|G0-97-151|null|74370AF1DEB2E8|<<2,5>>|1|100|null|null|2021-04-03 15:55:40.605|CAL|
sale|success|3547|SHP|4|3271|G0-97-151|null|74370AF1DF2528|2,5|1|20|null|null|2021-04-03 15:56:09.853|CAL|
sale|success|3547|THP|4|3271|G0-97-151|null|74370AF1DF2528|2,5|1|20|null|null|2021-04-03 15:56:09.853|CAL|
sale|success|3547|MJP1|4|3271|G0-97-151|null|74370AF1DF8E0A|2,3,4,5/8/2/3,4|1|80|null|null|2021-04-03 15:56:36.704|CAL|
sale|success|3547|TAN|4|3271|G0-97-151|null|74370AF1DFAE8A|5-2-3,4|1|20|null|null|2021-04-03 15:56:45.023|CAL|
sale|success|3547|WIN|4|3271|G0-97-151|null|74370AF1DFD440|1,4,7|1|300|null|null|2021-04-03 15:56:54.677|CAL|
sale|success|3547|FOR|4|3271|G0-97-151|null|74370AF1E05E53|5-2,3,4|1|30|null|null|2021-04-03 15:57:30.024|CAL|
sale|success|3547|FOR|4|3271|G0-97-151|null|74370AF1E05E53|5-6,7|1|20|null|null|2021-04-03 15:57:30.024|CAL|
sale|success|3547|QUI|4|3271|G0-97-151|null|74370AF1E05E53|2-5,3,7|1|30|null|null|2021-04-03 15:57:30.024|CAL|
sale|success|3547|TAN|4|3271|G0-97-151|null|74370AF1E0A963|5,2-5,2-7|1|20|null|null|2021-04-03 15:57:49.239|CAL|
sale|success|3547|QUI|4|3271|G0-97-151|null|74370AF1E0E702|2-3|1|300|null|null|2021-04-03 15:58:05.016|CAL|
sale|success|3547|FOR|4|3271|G0-97-151|null|74370AF1E10E33|2-3,5|1|500|null|null|2021-04-03 15:58:15.047|CAL|
sale|success|3547|MJP1|4|3271|G0-97-151|null|74370AF1E149EC|1,4,5/8/2,3,6/4|1|90|null|null|2021-04-03 15:58:30.338|CAL|
sale|success|3547|MJP1|4|3271|G0-97-151|null|74370AF1E17906|1,4,5/8/2,3,6/4|1|90|null|null|2021-04-03 15:58:42.396|CAL|
sale|success|3547|WIN|4|3271|G0-97-151|null|74370AF1E1E1A3|3|1|100|null|null|2021-04-03 15:59:09.176|CAL|
login|3271|2021-04-03 16:04:31.328|G0-97-151|success|
sale|success|3547|FOR|5|3271|G0-97-151|null|74370AF1F7AD59|8-6|1|100|null|null|2021-04-03 16:22:57.671|CAL|
sale|success|3547|FOR|5|3271|G0-97-151|null|74370AF1F7AD59|6-8|1|100|null|null|2021-04-03 16:22:57.671|CAL|
sale|success|3547|TAN|5|3271|G0-97-151|null|74370AF1F7AD59|8-3,6-3,6|1|100|null|null|2021-04-03 16:22:57.671|CAL|
sale|success|3547|FOR|5|3271|G0-97-151|null|74370AF1F866B0|1-8,3|1|100|null|null|2021-04-03 16:23:45.089|CAL|
sale|success|3547|QUI|5|3271|G0-97-151|null|74370AF1F866B0|1-8,3|1|100|null|null|2021-04-03 16:23:45.089|CAL|
sale|success|3547|TAN|5|3271|G0-97-151|null|74370AF1F8CB12|1-8,3-4,6|1|40|null|null|2021-04-03 16:24:10.738|CAL|
sale|success|3547|WIN|5|3271|G0-97-151|null|74370AF1F8FCA9|4|1|40|null|null|2021-04-03 16:24:23.428|CAL|
sale|success|3547|FOR|5|3271|G0-97-151|null|74370AF1F913E0|4-1,8|1|60|null|null|2021-04-03 16:24:29.373|CAL|
sale|success|3547|FOR|5|3271|G0-97-151|null|74370AF1F95537|8-3|1|200|null|null|2021-04-03 16:24:46.100|CAL|
sale|success|3547|FOR|5|3271|G0-97-151|null|74370AF1F98237|8-3|1|200|null|null|2021-04-03 16:24:57.627|CAL|
sale|success|3547|FOR|5|3271|G0-97-151|null|74370AF1F98238|8-3|1|200|null|null|2021-04-03 16:24:57.664|CAL|
sale|success|3547|TAN|5|3271|G0-97-151|null|74370AF1F9BD6A|8-3-6|1|100|null|null|2021-04-03 16:25:12.779|CAL|
sale|success|3547|TAN|5|3271|G0-97-151|null|74370AF1FA081E|8-3-6|1|100|null|null|2021-04-03 16:25:31.908|CAL|
sale|success|3547|TAN|5|3271|G0-97-151|null|74370AF1FA081F|8-3-6|1|100|null|null|2021-04-03 16:25:31.948|CAL|
sale|success|3547|TAN|5|3271|G0-97-151|null|74370AF1FA0820|8-3-6|1|100|null|null|2021-04-03 16:25:31.985|CAL|
sale|success|3547|TRB2|5|3271|G0-97-151|null|74370AF1FB6712|4,2/2/1,2|1|40|null|null|2021-04-03 16:27:01.768|CAL|
sale|success|3547|TAN|5|3271|G0-97-151|null|74370AF1FBB15A|<<1,4,8>>|1|60|null|null|2021-04-03 16:27:20.760|CAL|
sale|success|3547|TAN|5|3271|G0-97-151|null|74370AF1FC8353|1,2,8-1,2,6,8-1,2,6,8,3,4|1|360|null|null|2021-04-03 16:28:14.512|CAL|
sale|success|3547|QUI|5|3271|G0-97-151|null|74370AF1FE0364|<<3,4,5>>|1|30|null|null|2021-04-03 16:29:52.845|CAL|
sale|success|3547|TRB2|5|3271|G0-97-151|null|74370AF1FE71FE|1,2,8/2,4/1,2,4|1|180|null|null|2021-04-03 16:30:21.148|CAL|
sale|success|3547|FOR|5|3271|G0-97-151|null|74370AF1FEC8BC|2-4,6|1|40|null|null|2021-04-03 16:30:43.349|CAL|
sale|success|3547|WIN|5|3271|G0-97-151|null|74370AF1FEF986|8|1|100|null|null|2021-04-03 16:30:55.840|CAL|
sale|success|3547|PLC|5|3271|G0-97-151|null|74370AF1FEF986|8|1|100|null|null|2021-04-03 16:30:55.840|CAL|
sale|success|3547|TAN|5|3271|G0-97-151|null|74370AF1FF3705|<<1,2,6,8>>|1|240|null|null|2021-04-03 16:31:11.584|CAL|
sale|success|3547|WIN|5|3271|G0-97-151|null|74370AF1FF7CA5|2|1|1000|null|null|2021-04-03 16:31:29.407|CAL|
sale|success|3547|WIN|5|3271|G0-97-151|null|74370AF1FFBBD2|6|1|150|null|null|2021-04-03 16:31:45.579|CAL|
sale|success|3547|WIN|5|3271|G0-97-151|null|74370AF1FFE9E5|6|1|250|null|null|2021-04-03 16:31:57.377|CAL|
sale|success|3547|SHP|5|3271|G0-97-151|null|74370AF1FFE9E5|6|1|250|null|null|2021-04-03 16:31:57.377|CAL|
sale|success|3547|WIN|5|3271|G0-97-151|null|74370AF20050C5|6|1|100|null|null|2021-04-03 16:32:23.713|CAL|
sale|success|3547|SHP|5|3271|G0-97-151|null|74370AF20050C5|6|1|100|null|null|2021-04-03 16:32:23.713|CAL|
sale|success|3547|THP|5|3271|G0-97-151|null|74370AF20050C5|6|1|100|null|null|2021-04-03 16:32:23.713|CAL|
sale|success|3547|QUI|5|3271|G0-97-151|null|74370AF200795D|6-1,8|1|200|null|null|2021-04-03 16:32:34.103|CAL|
sale|success|3547|FOR|5|3271|G0-97-151|null|74370AF200B48E|8-3,4,6|1|150|null|null|2021-04-03 16:32:49.256|CAL|
sale|success|3547|QUI|5|3271|G0-97-151|null|74370AF200B48E|8-3,4,6|1|150|null|null|2021-04-03 16:32:49.256|CAL|
sale|success|3547|FOR|6|3271|G0-97-151|null|74370AF2064BFB|2-6,8|1|200|null|null|2021-04-03 16:38:55.699|CAL|
sale|success|3547|WIN|6|3271|G0-97-151|null|74370AF2068349|8|1|50|null|null|2021-04-03 16:39:09.859|CAL|
sale|success|3547|PLC|6|3271|G0-97-151|null|74370AF2068349|8|1|50|null|null|2021-04-03 16:39:09.859|CAL|
sale|success|3547|FOR|6|3271|G0-97-151|null|74370AF206B4F2|8-1,2|1|100|null|null|2021-04-03 16:39:22.582|CAL|
sale|success|3547|FOR|6|3271|G0-97-151|null|74370AF20880BC|6,2-2,6,7|1|40|null|null|2021-04-03 16:41:20.276|CAL|
sale|success|3547|FOR|6|3271|G0-97-151|null|74370AF208ABDF|6,2-2,6,7|1|40|null|null|2021-04-03 16:41:31.328|CAL|
sale|success|3547|FOR|6|3271|G0-97-151|null|74370AF208ABE0|6,2-2,6,7|1|40|null|null|2021-04-03 16:41:31.363|CAL|
sale|success|3547|FOR|6|3271|G0-97-151|null|74370AF208ABE1|6,2-2,6,7|1|40|null|null|2021-04-03 16:41:31.388|CAL|
sale|success|3547|FOR|6|3271|G0-97-151|null|74370AF208ABE2|6,2-2,6,7|1|40|null|null|2021-04-03 16:41:31.410|CAL|
payout|success|null|null|null|3271|G0-97-151|null|376D96A1B4A63D|null|null|260|null|null|null|null|null
payout|success|null|null|null|3271|G0-97-151|null|376D96A1B4D727|null|null|480|null|null|null|null|null
payout|success|null|null|null|3271|G0-97-151|null|376D96A1B5031E|null|null|237|null|null|null|null|null
payout|success|null|null|null|3271|G0-97-151|null|376D96A187FD34|null|null|519|null|null|null|null|null
payout|success|null|null|null|3271|G0-97-151|null|376D96A1B51FCD|null|null|237|null|null|null|null|null
payout|success|null|null|null|3271|G0-97-151|null|50706E5D1B3D6D|null|null|1870|null|null|null|null|null
sale|success|3547|FOR|6|3271|G0-97-151|null|74370AF20BED45|1,7-1,2,3,4,5,6,7,8|1|140|null|null|2021-04-03 16:45:04.675|CAL|
sale|success|3547|QUI|6|3271|G0-97-151|null|74370AF20BED45|1,7-1,2,3,4,5,6,7,8|1|130|null|null|2021-04-03 16:45:04.675|CAL|
sale|success|3547|WIN|6|3271|G0-97-151|null|74370AF20C22DD|1|1|100|null|null|2021-04-03 16:45:18.387|CAL|
sale|success|3547|PLC|6|3271|G0-97-151|null|74370AF20C3A95|1|1|100|null|null|2021-04-03 16:45:24.461|CAL|
sale|success|3547|SHP|6|3271|G0-97-151|null|74370AF20C4EF6|1|1|30|null|null|2021-04-03 16:45:29.676|CAL|
sale|success|3547|WIN|6|3271|G0-97-151|null|74370AF20C929D|7|1|10|null|null|2021-04-03 16:45:46.996|CAL|
sale|success|3547|QUI|6|3271|G0-97-151|null|74370AF20CDBF6|3-7|1|50|null|null|2021-04-03 16:46:05.778|CAL|
sale|success|3547|QUI|6|3271|G0-97-151|null|74370AF20CDBF6|2-5|1|50|null|null|2021-04-03 16:46:05.778|CAL|
sale|success|3547|QUI|6|3271|G0-97-151|null|74370AF20DF916|2-5,1|1|240|null|null|2021-04-03 16:47:18.766|CAL|
sale|success|3547|FOR|6|3271|G0-97-151|null|74370AF20DF916|2-5,1|1|240|null|null|2021-04-03 16:47:18.766|CAL|
sale|success|3547|FOR|6|3271|G0-97-151|null|74370AF20E3606|2-1,5|1|20|null|null|2021-04-03 16:47:34.366|CAL|
sale|success|3547|QUI|6|3271|G0-97-151|null|74370AF20E6455|2-3|1|50|null|null|2021-04-03 16:47:46.222|CAL|
sale|success|3547|FOR|6|3271|G0-97-151|null|74370AF20EB7D7|2-6,7|1|600|null|null|2021-04-03 16:48:07.599|CAL|
sale|success|3547|FOR|6|3271|G0-97-151|null|74370AF20EFB8F|7-1,2,3,5,6|1|100|null|null|2021-04-03 16:48:24.935|CAL|
sale|success|3547|FOR|6|3271|G0-97-151|null|74370AF20F5640|5-2,3,6|1|60|null|null|2021-04-03 16:48:48.153|CAL|
sale|success|3547|FOR|6|3271|G0-97-151|null|74370AF20F5640|2-3,6|1|140|null|null|2021-04-03 16:48:48.153|CAL|
sale|success|3547|TAN|6|3271|G0-97-151|null|74370AF20FCF22|<<2,3,6>>|1|60|null|null|2021-04-03 16:49:19.096|CAL|
sale|success|3547|TAN|6|3271|G0-97-151|null|74370AF20FEB2B|<<2,3,6>>|1|60|null|null|2021-04-03 16:49:26.280|CAL|
sale|success|3547|QUI|6|3271|G0-97-151|null|74370AF2105BA8|6-2,3|1|80|null|null|2021-04-03 16:49:55.072|CAL|
sale|success|3547|FOR|6|3271|G0-97-151|null|74370AF2117799|<<2,6>>|1|100|null|null|2021-04-03 16:51:07.761|CAL|
sale|success|3547|FOR|6|3271|G0-97-151|null|74370AF2117799|<<2,7>>|1|100|null|null|2021-04-03 16:51:07.761|CAL|
sale|success|3547|FOR|6|3271|G0-97-151|null|74370AF2117799|<<2,3>>|1|100|null|null|2021-04-03 16:51:07.761|CAL|
sale|success|3547|FOR|6|3271|G0-97-151|null|74370AF2117799|<<2,8>>|1|100|null|null|2021-04-03 16:51:07.761|CAL|
sale|success|3547|SHP|6|3271|G0-97-151|null|74370AF211E591|7,8|1|300|null|null|2021-04-03 16:51:35.912|CAL|
sale|success|3547|THP|6|3271|G0-97-151|null|74370AF211E591|7,8|1|200|null|null|2021-04-03 16:51:35.912|CAL|
sale|success|3547|WIN|6|3271|G0-97-151|null|74370AF2121FC1|7|1|80|null|null|2021-04-03 16:51:50.808|CAL|
sale|success|3547|FOR|6|3271|G0-97-151|null|74370AF212898A|6-1,2,3|1|30|null|null|2021-04-03 16:52:17.893|CAL|
sale|success|3547|QUI|6|3271|G0-97-151|null|74370AF212898A|6-1,2,3|1|30|null|null|2021-04-03 16:52:17.893|CAL|
sale|success|3547|QUI|6|3271|G0-97-151|null|74370AF212898A|1-7|1|30|null|null|2021-04-03 16:52:17.893|CAL|
sale|success|3547|FOR|6|3271|G0-97-151|null|74370AF212898A|1-2|1|10|null|null|2021-04-03 16:52:17.893|CAL|
sale|success|3547|FOR|6|3271|G0-97-151|null|74370AF2134CCA|<<2,3,6>>|1|300|null|null|2021-04-03 16:53:07.875|CAL|
sale|success|3547|FOR|6|3271|G0-97-151|null|74370AF213861A|2-1,7|1|200|null|null|2021-04-03 16:53:22.547|CAL|
sale|success|3547|FOR|6|3271|G0-97-151|null|74370AF213B502|2-3,6|1|100|null|null|2021-04-03 16:53:34.558|CAL|
sale|success|3547|WIN|6|3271|G0-97-151|null|74370AF213C62A|3|1|100|null|null|2021-04-03 16:53:38.946|CAL|
sale|success|3547|WIN|6|3271|G0-97-151|null|74370AF213E66A|7|1|50|null|null|2021-04-03 16:53:47.202|CAL|
sale|success|3547|FOR|6|3271|G0-97-151|null|74370AF2141E2B|2-3,7|1|40|null|null|2021-04-03 16:54:01.477|CAL|
sale|success|3547|WIN|6|3271|G0-97-151|null|74370AF2144713|1|1|10|null|null|2021-04-03 16:54:11.952|CAL|
sale|success|3547|FOR|6|3271|G0-97-151|null|74370AF214993B|2-3,7|1|100|null|null|2021-04-03 16:54:32.980|CAL|
sale|success|3547|WIN|6|3271|G0-97-151|null|74370AF214EBBC|2|1|200|null|null|2021-04-03 16:54:54.100|CAL|
sale|success|3547|SHP|6|3271|G0-97-151|null|74370AF21511EC|6|1|400|null|null|2021-04-03 16:55:03.873|CAL|
sale|success|3547|QUI|6|3271|G0-97-151|null|74370AF21578A4|<<2,3,6,7>>|1|60|null|null|2021-04-03 16:55:30.176|CAL|
sale|success|3547|QUI|6|3271|G0-97-151|null|74370AF21578A4|<<1,3,5,8>>|1|60|null|null|2021-04-03 16:55:30.176|CAL|
sale|success|3547|WIN|6|3271|G0-97-151|null|74370AF215B2FC|2,7|1|80|null|null|2021-04-03 16:55:45.107|CAL|
sale|success|3547|QUI|6|3271|G0-97-151|null|74370AF216B3B0|2-1,3,7|1|510|null|null|2021-04-03 16:56:50.823|CAL|
sale|success|3547|FOR|6|3271|G0-97-151|null|74370AF21707EE|2-3,7|1|100|null|null|2021-04-03 16:57:12.392|CAL|
sale|success|3547|QUI|6|3271|G0-97-151|null|74370AF21707EE|2-3,7|1|100|null|null|2021-04-03 16:57:12.392|CAL|
sale|success|3547|TAN|6|3271|G0-97-151|null|74370AF21781DF|2,3-2,3-1,2,3,4,5,6,7,8|1|120|null|null|2021-04-03 16:57:43.608|CAL|
cashout|success|null|null|null|3271|G0-97-151|null|32711617449281468|null|null|35000|null|null|null|null|null
sale|success|3547|TAN|6|3271|G0-97-151|null|74370AF21808AE|<<2,3,7>>|1|60|null|null|2021-04-03 16:58:18.118|CAL|
sale|success|3547|FOR|6|3271|G0-97-151|null|74370AF2183D8E|2-7|1|20|null|null|2021-04-03 16:58:31.653|CAL|
sale|success|3547|QUI|6|3271|G0-97-151|null|74370AF2183D8E|2-7|1|20|null|null|2021-04-03 16:58:31.653|CAL|
sale|success|3547|FOR|6|3271|G0-97-151|null|74370AF21864AF|<<1,3>>|1|100|null|null|2021-04-03 16:58:41.670|CAL|
sale|success|3547|WIN|6|3271|G0-97-151|null|74370AF2188D5E|3|1|100|null|null|2021-04-03 16:58:52.084|CAL|
sale|success|3547|PLC|6|3271|G0-97-151|null|74370AF2188D5E|3|1|100|null|null|2021-04-03 16:58:52.084|CAL|
sale|success|3547|QUI|6|3271|G0-97-151|null|74370AF218BB0F|2-8|1|100|null|null|2021-04-03 16:59:03.782|CAL|
sale|success|3547|SHP|6|3271|G0-97-151|null|74370AF218D499|8|1|100|null|null|2021-04-03 16:59:10.320|CAL|
sale|success|3547|FOR|6|3271|G0-97-151|null|74370AF21959F8|7-2,3|1|100|null|null|2021-04-03 16:59:44.462|CAL|
sale|success|3547|FOR|6|3271|G0-97-151|null|74370AF21959F8|3-2,7|1|100|null|null|2021-04-03 16:59:44.462|CAL|
sale|success|3547|WIN|6|3271|G0-97-151|null|74370AF2196BD7|3,7|1|100|null|null|2021-04-03 16:59:49.040|CAL|
sale|success|3547|FOR|6|3271|G0-97-151|null|74370AF219B9D0|2-4,5|1|100|null|null|2021-04-03 17:00:08.999|CAL|
sale|success|3547|TAN|6|3271|G0-97-151|null|74370AF219F1A0|2-4,5-1,3|1|40|null|null|2021-04-03 17:00:23.286|CAL|
sale|success|3547|FOR|6|3271|G0-97-151|null|74370AF21A29A6|3-2,7|1|100|null|null|2021-04-03 17:00:37.629|CAL|
sale|success|3547|FOR|6|3271|G0-97-151|null|74370AF21A3DD0|6-2,1|1|100|null|null|2021-04-03 17:00:42.789|CAL|
sale|success|3547|FOR|7|3271|G0-97-151|null|74370AF22395B9|2-3,4|1|100|null|null|2021-04-03 17:10:55.121|CAL|
sale|success|3547|WIN|7|3271|G0-97-151|null|74370AF223C9BD|2|1|100|null|null|2021-04-03 17:11:08.437|CAL|
payout|success|null|null|null|3271|G0-97-151|null|74370AF212898A|null|null|160|null|null|null|null|null
sale|success|3547|TAN|7|3271|G0-97-151|null|74370AF22465C7|4-1,2-1,2|1|20|null|null|2021-04-03 17:11:48.384|CAL|
sale|success|3547|WIN|7|3271|G0-97-151|null|74370AF224AF66|2,5|1|60|null|null|2021-04-03 17:12:07.230|CAL|
sale|success|3547|FOR|7|3271|G0-97-151|null|74370AF224CDDE|4-1,2,3,4,5,6|1|50|null|null|2021-04-03 17:12:15.029|CAL|
sale|success|3547|QUI|7|3271|G0-97-151|null|74370AF225588F|2-4|1|10|null|null|2021-04-03 17:12:50.534|CAL|
sale|success|3547|TAN|7|3271|G0-97-151|null|74370AF225A7D7|<<2,4,5>>|1|60|null|null|2021-04-03 17:13:10.829|CAL|
sale|success|3547|QUI|7|3271|G0-97-151|null|74370AF225A7D7|4-5|1|40|null|null|2021-04-03 17:13:10.829|CAL|
sale|success|3547|FOR|7|3271|G0-97-151|null|74370AF2261BC0|6-4|1|20|null|null|2021-04-03 17:13:40.501|CAL|
sale|success|3547|WIN|7|3271|G0-97-151|null|74370AF2264408|1,5|1|100|null|null|2021-04-03 17:13:50.814|CAL|
sale|success|3547|TAN|7|3271|G0-97-151|null|74370AF227A5F8|4-2-1,2,3,4,5,6|1|40|null|null|2021-04-03 17:15:21.422|CAL|
sale|success|3547|FOR|7|3271|G0-97-151|null|74370AF227A5F8|4-3|1|50|null|null|2021-04-03 17:15:21.422|CAL|
sale|success|3547|THP|7|3271|G0-97-151|null|74370AF227B7A9|5|1|50|null|null|2021-04-03 17:15:25.951|CAL|
sale|success|3547|THP|7|3271|G0-97-151|null|74370AF227FD01|2|1|50|null|null|2021-04-03 17:15:43.703|CAL|
sale|success|3547|FOR|7|3271|G0-97-151|null|74370AF2281509|4-5|1|50|null|null|2021-04-03 17:15:49.857|CAL|
payout|success|null|null|null|3271|G0-97-151|null|55D6DCF25F2AB0|null|null|320|null|null|null|null|null
payout|success|null|null|null|3271|G0-97-151|null|55D6DCF25EA6A0|null|null|610|null|null|null|null|null
payout|success|null|null|null|3271|G0-97-151|null|55D6DCF25ECFEC|null|null|610|null|null|null|null|null
sale|success|3547|FOR|7|3271|G0-97-151|null|74370AF2291D79|<<4,6>>|1|100|null|null|2021-04-03 17:16:57.552|CAL|
sale|success|3547|FOR|7|3271|G0-97-151|null|74370AF22992DB|3-1,6|1|80|null|null|2021-04-03 17:17:27.606|CAL|
sale|success|3547|FOR|7|3271|G0-97-151|null|74370AF22992DB|6-3,5|1|80|null|null|2021-04-03 17:17:27.606|CAL|
sale|success|3547|FOR|7|3271|G0-97-151|null|74370AF22992DB|3,6-1,4|1|160|null|null|2021-04-03 17:17:27.606|CAL|
sale|success|3547|SHP|7|3271|G0-97-151|null|74370AF22A6A63|1,2,3|1|60|null|null|2021-04-03 17:18:22.779|CAL|
sale|success|3547|THP|7|3271|G0-97-151|null|74370AF22A6A63|1,2,3|1|60|null|null|2021-04-03 17:18:22.779|CAL|
sale|success|3547|WIN|7|3271|G0-97-151|null|74370AF22AC2DB|5|1|200|null|null|2021-04-03 17:18:45.427|CAL|
sale|success|3547|PLC|7|3271|G0-97-151|null|74370AF22AC2DB|5|1|200|null|null|2021-04-03 17:18:45.427|CAL|
sale|success|3547|FOR|7|3271|G0-97-151|null|74370AF22AE55C|5-2,6|1|100|null|null|2021-04-03 17:18:54.258|CAL|
payout|success|null|null|null|3271|G0-97-151|null|74370AF21578A4|null|null|160|null|null|null|null|null
sale|success|3547|FOR|7|3271|G0-97-151|null|74370AF22B7F74|2-1,2,3,4,5,6|1|50|null|null|2021-04-03 17:19:33.707|CAL|
sale|success|3547|QUI|7|3271|G0-97-151|null|74370AF22B7F74|2-1,2,3,4,5,6|1|50|null|null|2021-04-03 17:19:33.707|CAL|
sale|success|3547|QUI|7|3271|G0-97-151|null|74370AF22B954C|2-3|1|10|null|null|2021-04-03 17:19:39.296|CAL|
sale|success|3547|WIN|7|3271|G0-97-151|null|74370AF22BD02C|2|1|60|null|null|2021-04-03 17:19:54.371|CAL|
sale|success|3547|WIN|7|3271|G0-97-151|null|74370AF22BE744|3,5|1|100|null|null|2021-04-03 17:20:00.281|CAL|
sale|success|3547|FOR|7|3271|G0-97-151|null|74370AF22C1455|3-1,2,4,5,6|1|100|null|null|2021-04-03 17:20:11.820|CAL|
sale|success|3547|TAN|7|3271|G0-97-151|null|74370AF22C86D5|4-5-6|1|50|null|null|2021-04-03 17:20:41.133|CAL|
sale|success|3547|TAN|7|3271|G0-97-151|null|74370AF22C86D5|2-5-4|1|50|null|null|2021-04-03 17:20:41.133|CAL|
sale|success|3547|FOR|7|3271|G0-97-151|null|74370AF22C86D5|5-2,4|1|100|null|null|2021-04-03 17:20:41.133|CAL|
sale|success|3547|FOR|7|3271|G0-97-151|null|74370AF22D1787|4-3|1|100|null|null|2021-04-03 17:21:18.173|CAL|
sale|success|3547|FOR|7|3271|G0-97-151|null|74370AF22D1787|2-5|1|50|null|null|2021-04-03 17:21:18.173|CAL|
sale|success|3547|FOR|7|3271|G0-97-151|null|74370AF22D1787|4-6|1|50|null|null|2021-04-03 17:21:18.173|CAL|
sale|success|3547|FOR|7|3271|G0-97-151|null|74370AF22D4646|4-6|1|100|null|null|2021-04-03 17:21:30.140|CAL|
payout|success|null|null|null|3271|G0-97-151|null|74370AF2188D5E|null|null|480|null|null|null|null|null
sale|success|3547|WIN|7|3271|G0-97-151|null|74370AF22D933E|3|1|80|null|null|2021-04-03 17:21:49.846|CAL|
sale|success|3547|QUI|7|3271|G0-97-151|null|74370AF22DD926|<<2,3,4,5>>|1|60|null|null|2021-04-03 17:22:07.740|CAL|
payout|success|null|null|null|3271|G0-97-151|null|36EE4257A8FF6C|null|null|36|null|null|null|null|null
sale|success|3547|SHP|7|3271|G0-97-151|null|74370AF22EA440|5|1|100|null|null|2021-04-03 17:22:59.736|CAL|
sale|success|3547|THP|7|3271|G0-97-151|null|74370AF22EA440|5|1|100|null|null|2021-04-03 17:22:59.736|CAL|
sale|success|3547|FOR|7|3271|G0-97-151|null|74370AF22EF110|5-4|1|20|null|null|2021-04-03 17:23:19.397|CAL|
sale|success|3547|QUI|7|3271|G0-97-151|null|74370AF22EF110|5-4|1|20|null|null|2021-04-03 17:23:19.397|CAL|
sale|success|3547|TAN|7|3271|G0-97-151|null|74370AF22EF110|5-4-2|1|10|null|null|2021-04-03 17:23:19.397|CAL|
sale|success|3547|FOR|7|3271|G0-97-151|null|74370AF22F2028|4-2,3|1|100|null|null|2021-04-03 17:23:31.451|CAL|
sale|success|3547|FOR|7|3271|G0-97-151|null|74370AF22F4208|4-6|1|50|null|null|2021-04-03 17:23:40.126|CAL|
sale|success|3547|FOR|7|3271|G0-97-151|null|74370AF22F7288|3-5|1|150|null|null|2021-04-03 17:23:52.541|CAL|
sale|success|3547|FOR|7|3271|G0-97-151|null|74370AF22F9601|3-5|1|150|null|null|2021-04-03 17:24:01.624|CAL|
sale|success|3547|FOR|7|3271|G0-97-151|null|74370AF22FC2E8|4-2|1|100|null|null|2021-04-03 17:24:13.117|CAL|
sale|success|3547|FOR|7|3271|G0-97-151|null|74370AF22FDF3E|4-2|1|100|null|null|2021-04-03 17:24:20.374|CAL|
sale|success|3547|TAN|7|3271|G0-97-151|null|74370AF23012CF|4-2-1|1|50|null|null|2021-04-03 17:24:33.573|CAL|
sale|success|3547|TAN|7|3271|G0-97-151|null|74370AF2303527|4-2-1|1|50|null|null|2021-04-03 17:24:42.367|CAL|
sale|success|3547|WIN|7|3271|G0-97-151|null|74370AF2305898|5|1|100|null|null|2021-04-03 17:24:51.439|CAL|
sale|success|3547|FOR|7|3271|G0-97-151|null|74370AF2307368|5-3,4|1|100|null|null|2021-04-03 17:24:58.302|CAL|
sale|success|3547|QUI|7|3271|G0-97-151|null|74370AF2308A19|5-3,4|1|100|null|null|2021-04-03 17:25:04.111|CAL|
sale|success|3547|FOR|7|3271|G0-97-151|null|74370AF230E7C8|2-3,5|1|100|null|null|2021-04-03 17:25:28.094|CAL|
sale|success|3547|TAN|7|3271|G0-97-151|null|74370AF2313B61|5-4-6|1|50|null|null|2021-04-03 17:25:49.496|CAL|
sale|success|3547|TAN|7|3271|G0-97-151|null|74370AF2313B61|2-4-5|1|50|null|null|2021-04-03 17:25:49.496|CAL|
sale|success|3547|FOR|7|3271|G0-97-151|null|74370AF2315B32|4-5|1|100|null|null|2021-04-03 17:25:57.639|CAL|
sale|success|3547|WIN|7|3271|G0-97-151|null|74370AF2317251|5|1|100|null|null|2021-04-03 17:26:03.559|CAL|
sale|success|3547|TAN|7|3271|G0-97-151|null|74370AF231C312|5-1,3,4,6-1,3,4,6|1|120|null|null|2021-04-03 17:26:24.241|CAL|
sale|success|3547|WIN|7|3271|G0-97-151|null|74370AF231E272|5|1|400|null|null|2021-04-03 17:26:32.263|CAL|
sale|success|3547|FOR|7|3271|G0-97-151|null|74370AF232212B|4-2|1|180|null|null|2021-04-03 17:26:48.322|CAL|
sale|success|3547|TAN|7|3271|G0-97-151|null|74370AF2324D64|<<1,3,4,5>>|1|240|null|null|2021-04-03 17:26:59.640|CAL|
sale|success|3547|TAN|7|3271|G0-97-151|null|74370AF2326A29|<<1,3,4,5>>|1|240|null|null|2021-04-03 17:27:07.009|CAL|
sale|success|3547|FOR|7|3271|G0-97-151|null|74370AF232994A|2-1|1|100|null|null|2021-04-03 17:27:19.071|CAL|
sale|success|3547|QUI|7|3271|G0-97-151|null|74370AF232994A|4-5|1|100|null|null|2021-04-03 17:27:19.071|CAL|
sale|success|3547|TAN|7|3271|G0-97-151|null|74370AF233153C|4-3,6-3,6|1|20|null|null|2021-04-03 17:27:50.802|CAL|
sale|success|3547|FOR|7|3271|G0-97-151|null|74370AF233153C|4-3,6|1|40|null|null|2021-04-03 17:27:50.802|CAL|
sale|success|3547|WIN|7|3271|G0-97-151|null|74370AF2332734|4|1|50|null|null|2021-04-03 17:27:55.402|CAL|
sale|success|3547|TAN|7|3271|G0-97-151|null|74370AF2336DEC|4,6-2,3,4-1,2,3,4,5,6|1|200|null|null|2021-04-03 17:28:13.506|CAL|
sale|success|3547|FOR|7|3271|G0-97-151|null|74370AF233BCE4|4-5|1|300|null|null|2021-04-03 17:28:33.721|CAL|
sale|success|3547|QUI|7|3271|G0-97-151|null|74370AF233BCE4|4-5|1|300|null|null|2021-04-03 17:28:33.721|CAL|
sale|success|3547|FOR|7|3271|G0-97-151|null|74370AF233EA09|4-1,5|1|20|null|null|2021-04-03 17:28:45.280|CAL|
sale|success|3547|TAN|7|3271|G0-97-151|null|74370AF23410CC|4-1,5-1,5|1|20|null|null|2021-04-03 17:28:55.203|CAL|
sale|success|3547|FOR|7|3271|G0-97-151|null|74370AF2344C55|6-2,3,4|1|300|null|null|2021-04-03 17:29:10.442|CAL|
sale|success|3547|WIN|7|3271|G0-97-151|null|74370AF2346D4D|6|1|150|null|null|2021-04-03 17:29:18.881|CAL|
sale|success|3547|QUI|7|3271|G0-97-151|null|74370AF234A655|6-1,2,4|1|150|null|null|2021-04-03 17:29:33.481|CAL|
sale|success|3547|SHP|7|3271|G0-97-151|null|74370AF234EACD|1|1|200|null|null|2021-04-03 17:29:51.012|CAL|
sale|success|3547|THP|7|3271|G0-97-151|null|74370AF234EACD|1|1|200|null|null|2021-04-03 17:29:51.012|CAL|
sale|success|3547|SHP|7|3271|G0-97-151|null|74370AF2351B3D|1|1|500|null|null|2021-04-03 17:30:03.410|CAL|
sale|success|3547|THP|7|3271|G0-97-151|null|74370AF2352CFE|1|1|500|null|null|2021-04-03 17:30:07.957|CAL|
sale|success|3547|SHP|7|3271|G0-97-151|null|74370AF235591E|1|1|100|null|null|2021-04-03 17:30:19.252|CAL|
sale|success|3547|THP|7|3271|G0-97-151|null|74370AF235591E|1|1|100|null|null|2021-04-03 17:30:19.252|CAL|
cashout|success|null|null|null|3271|G0-97-151|null|32711617452018685|null|null|13000|null|null|null|null|null
cashout|success|null|null|null|3271|G0-97-151|null|32711617452275702|null|null|361|null|null|null|null|null
logout|3271|2021-04-03 16:04:31.328|G0-97-151|success|
